<?xml version="1.0" encoding="UTF-8"?>
<testng-results skipped="0" failed="0" ignored="0" total="1" passed="1">
  <reporter-output>
    <line>
      <![CDATA[Test Passed]]>
    </line>
  </reporter-output>
  <suite name="Suite" duration-ms="50040" started-at="2018-07-16T08:52:29Z" finished-at="2018-07-16T08:53:19Z">
    <groups>
    </groups>
    <test name="Test" duration-ms="50040" started-at="2018-07-16T08:52:29Z" finished-at="2018-07-16T08:53:19Z">
      <class name="com.puma.test.pumatest">
        <test-method status="PASS" signature="OpenApplication()[pri:0, instance:com.puma.test.pumatest@1a968a59]" name="OpenApplication" is-config="true" duration-ms="16106" started-at="2018-07-16T14:22:29Z" finished-at="2018-07-16T14:22:45Z">
          <reporter-output>
          </reporter-output>
        </test-method> <!-- OpenApplication -->
        <test-method status="PASS" signature="testApplication()[pri:0, instance:com.puma.test.pumatest@1a968a59]" name="testApplication" duration-ms="33915" started-at="2018-07-16T14:22:45Z" finished-at="2018-07-16T14:23:19Z">
          <reporter-output>
            <line>
              <![CDATA[Test Passed]]>
            </line>
          </reporter-output>
        </test-method> <!-- testApplication -->
        <test-method status="PASS" signature="CloseApplication()[pri:0, instance:com.puma.test.pumatest@1a968a59]" name="CloseApplication" is-config="true" duration-ms="0" started-at="2018-07-16T14:23:19Z" finished-at="2018-07-16T14:23:19Z">
          <reporter-output>
          </reporter-output>
        </test-method> <!-- CloseApplication -->
      </class> <!-- com.puma.test.pumatest -->
    </test> <!-- Test -->
  </suite> <!-- Suite -->
</testng-results>
